2024-08-13 21:43:58.052 [info] [main] Log level: Info
2024-08-13 21:43:58.052 [info] [main] Validating found git in: "git"
2024-08-13 21:43:58.094 [info] [main] Using git "2.46.0" from "git"
2024-08-13 21:43:58.094 [info] [Model][doInitialScan] Initial repository scan started
2024-08-13 21:43:58.121 [info] > git rev-parse --show-toplevel [10ms]
2024-08-13 21:43:58.121 [info] fatal: not a git repository (or any parent up to mount point /)
Stopping at filesystem boundary (GIT_DISCOVERY_ACROSS_FILESYSTEM not set).
2024-08-13 21:43:58.139 [info] > git rev-parse --show-toplevel [5ms]
2024-08-13 21:43:58.139 [info] fatal: not a git repository (or any parent up to mount point /)
Stopping at filesystem boundary (GIT_DISCOVERY_ACROSS_FILESYSTEM not set).
2024-08-13 21:43:58.199 [info] > git rev-parse --show-toplevel [12ms]
2024-08-13 21:43:58.199 [info] fatal: not a git repository (or any parent up to mount point /)
Stopping at filesystem boundary (GIT_DISCOVERY_ACROSS_FILESYSTEM not set).
2024-08-13 21:43:58.218 [info] > git rev-parse --show-toplevel [3ms]
2024-08-13 21:43:58.218 [info] fatal: not a git repository (or any parent up to mount point /)
Stopping at filesystem boundary (GIT_DISCOVERY_ACROSS_FILESYSTEM not set).
2024-08-13 21:43:58.235 [info] > git rev-parse --show-toplevel [8ms]
2024-08-13 21:43:58.235 [info] fatal: not a git repository (or any parent up to mount point /)
Stopping at filesystem boundary (GIT_DISCOVERY_ACROSS_FILESYSTEM not set).
2024-08-13 21:43:58.246 [info] > git rev-parse --show-toplevel [2ms]
2024-08-13 21:43:58.246 [info] fatal: not a git repository (or any parent up to mount point /)
Stopping at filesystem boundary (GIT_DISCOVERY_ACROSS_FILESYSTEM not set).
2024-08-13 21:43:58.247 [info] [Model][doInitialScan] Initial repository scan completed - repositories (0), closed repositories (0), parent repositories (0), unsafe repositories (0)
2024-08-13 21:43:58.258 [info] > git rev-parse --show-toplevel [2ms]
2024-08-13 21:43:58.258 [info] fatal: not a git repository (or any parent up to mount point /)
Stopping at filesystem boundary (GIT_DISCOVERY_ACROSS_FILESYSTEM not set).
2024-08-13 21:43:58.400 [info] > git rev-parse --show-toplevel [4ms]
2024-08-13 21:43:58.400 [info] fatal: not a git repository (or any parent up to mount point /)
Stopping at filesystem boundary (GIT_DISCOVERY_ACROSS_FILESYSTEM not set).
2024-08-13 21:43:59.095 [info] > git rev-parse --show-toplevel [2ms]
2024-08-13 21:43:59.095 [info] fatal: not a git repository (or any parent up to mount point /)
Stopping at filesystem boundary (GIT_DISCOVERY_ACROSS_FILESYSTEM not set).
2024-08-13 21:44:13.992 [info] > git rev-parse --show-toplevel [3ms]
2024-08-13 21:44:13.993 [info] fatal: not a git repository (or any parent up to mount point /)
Stopping at filesystem boundary (GIT_DISCOVERY_ACROSS_FILESYSTEM not set).
2024-08-13 21:44:25.839 [info] > git rev-parse --show-toplevel [2ms]
2024-08-13 21:44:25.839 [info] fatal: not a git repository (or any parent up to mount point /)
Stopping at filesystem boundary (GIT_DISCOVERY_ACROSS_FILESYSTEM not set).
2024-08-13 21:44:46.077 [info] > git rev-parse --show-toplevel [2ms]
2024-08-13 21:44:46.077 [info] fatal: not a git repository (or any parent up to mount point /)
Stopping at filesystem boundary (GIT_DISCOVERY_ACROSS_FILESYSTEM not set).
