2024-08-14 20:21:32.418 [info] [main] Log level: Info
2024-08-14 20:21:32.418 [info] [main] Validating found git in: "git"
2024-08-14 20:21:32.418 [info] [main] Using git "2.46.0" from "git"
2024-08-14 20:21:32.418 [info] [Model][doInitialScan] Initial repository scan started
2024-08-14 20:21:32.418 [info] > git rev-parse --show-toplevel [9ms]
2024-08-14 20:21:32.418 [info] fatal: not a git repository (or any parent up to mount point /)
Stopping at filesystem boundary (GIT_DISCOVERY_ACROSS_FILESYSTEM not set).
2024-08-14 20:21:32.418 [info] > git rev-parse --show-toplevel [6ms]
2024-08-14 20:21:32.418 [info] fatal: not a git repository (or any parent up to mount point /)
Stopping at filesystem boundary (GIT_DISCOVERY_ACROSS_FILESYSTEM not set).
2024-08-14 20:21:32.418 [info] > git rev-parse --show-toplevel [15ms]
2024-08-14 20:21:32.418 [info] fatal: not a git repository (or any parent up to mount point /)
Stopping at filesystem boundary (GIT_DISCOVERY_ACROSS_FILESYSTEM not set).
2024-08-14 20:21:32.438 [info] > git rev-parse --show-toplevel [10ms]
2024-08-14 20:21:32.438 [info] fatal: not a git repository (or any parent up to mount point /)
Stopping at filesystem boundary (GIT_DISCOVERY_ACROSS_FILESYSTEM not set).
2024-08-14 20:21:32.452 [info] > git rev-parse --show-toplevel [2ms]
2024-08-14 20:21:32.452 [info] fatal: not a git repository (or any parent up to mount point /)
Stopping at filesystem boundary (GIT_DISCOVERY_ACROSS_FILESYSTEM not set).
2024-08-14 20:21:32.465 [info] > git rev-parse --show-toplevel [2ms]
2024-08-14 20:21:32.465 [info] fatal: not a git repository (or any parent up to mount point /)
Stopping at filesystem boundary (GIT_DISCOVERY_ACROSS_FILESYSTEM not set).
2024-08-14 20:21:32.465 [info] [Model][doInitialScan] Initial repository scan completed - repositories (0), closed repositories (0), parent repositories (0), unsafe repositories (0)
2024-08-14 20:21:32.478 [info] > git rev-parse --show-toplevel [3ms]
2024-08-14 20:21:32.478 [info] fatal: not a git repository (or any parent up to mount point /)
Stopping at filesystem boundary (GIT_DISCOVERY_ACROSS_FILESYSTEM not set).
2024-08-14 20:21:32.646 [info] > git rev-parse --show-toplevel [2ms]
2024-08-14 20:21:32.646 [info] fatal: not a git repository (or any parent up to mount point /)
Stopping at filesystem boundary (GIT_DISCOVERY_ACROSS_FILESYSTEM not set).
2024-08-14 20:21:33.178 [info] > git rev-parse --show-toplevel [1ms]
2024-08-14 20:21:33.178 [info] fatal: not a git repository (or any parent up to mount point /)
Stopping at filesystem boundary (GIT_DISCOVERY_ACROSS_FILESYSTEM not set).
