2024-08-13 19:39:25.823 [info] [main] Log level: Info
2024-08-13 19:39:25.823 [info] [main] Validating found git in: "git"
2024-08-13 19:39:25.823 [info] [main] Using git "2.46.0" from "git"
2024-08-13 19:39:25.823 [info] [Model][doInitialScan] Initial repository scan started
2024-08-13 19:39:25.823 [info] > git rev-parse --show-toplevel [13ms]
2024-08-13 19:39:25.823 [info] fatal: not a git repository (or any parent up to mount point /)
Stopping at filesystem boundary (GIT_DISCOVERY_ACROSS_FILESYSTEM not set).
2024-08-13 19:39:25.823 [info] [Model][doInitialScan] Initial repository scan completed - repositories (0), closed repositories (0), parent repositories (0), unsafe repositories (0)
2024-08-13 19:39:25.823 [info] > git rev-parse --show-toplevel [9ms]
2024-08-13 19:39:25.823 [info] fatal: not a git repository (or any parent up to mount point /)
Stopping at filesystem boundary (GIT_DISCOVERY_ACROSS_FILESYSTEM not set).
2024-08-13 19:39:25.962 [info] > git rev-parse --show-toplevel [3ms]
2024-08-13 19:39:25.962 [info] fatal: not a git repository (or any parent up to mount point /)
Stopping at filesystem boundary (GIT_DISCOVERY_ACROSS_FILESYSTEM not set).
2024-08-13 19:39:27.121 [info] > git rev-parse --show-toplevel [3ms]
2024-08-13 19:39:27.121 [info] fatal: not a git repository (or any parent up to mount point /)
Stopping at filesystem boundary (GIT_DISCOVERY_ACROSS_FILESYSTEM not set).
2024-08-13 19:39:28.868 [info] > git rev-parse --show-toplevel [2ms]
2024-08-13 19:39:28.868 [info] fatal: not a git repository (or any parent up to mount point /)
Stopping at filesystem boundary (GIT_DISCOVERY_ACROSS_FILESYSTEM not set).
2024-08-13 19:40:36.241 [info] > git rev-parse --show-toplevel [4ms]
2024-08-13 19:40:36.241 [info] fatal: not a git repository (or any parent up to mount point /)
Stopping at filesystem boundary (GIT_DISCOVERY_ACROSS_FILESYSTEM not set).
2024-08-13 19:40:37.541 [info] > git rev-parse --show-toplevel [3ms]
2024-08-13 19:40:37.541 [info] fatal: not a git repository (or any parent up to mount point /)
Stopping at filesystem boundary (GIT_DISCOVERY_ACROSS_FILESYSTEM not set).
2024-08-13 19:40:38.474 [info] > git rev-parse --show-toplevel [3ms]
2024-08-13 19:40:38.474 [info] fatal: not a git repository (or any parent up to mount point /)
Stopping at filesystem boundary (GIT_DISCOVERY_ACROSS_FILESYSTEM not set).
