2024-08-12 12:25:00.020 [info] [main] Log level: Info
2024-08-12 12:25:00.020 [info] [main] Validating found git in: "git"
2024-08-12 12:25:00.020 [info] [main] Using git "2.46.0" from "git"
2024-08-12 12:25:00.020 [info] [Model][doInitialScan] Initial repository scan started
2024-08-12 12:25:00.020 [info] > git rev-parse --show-toplevel [7ms]
2024-08-12 12:25:00.020 [info] fatal: not a git repository (or any parent up to mount point /)
Stopping at filesystem boundary (GIT_DISCOVERY_ACROSS_FILESYSTEM not set).
2024-08-12 12:25:00.020 [info] [Model][doInitialScan] Initial repository scan completed - repositories (0), closed repositories (0), parent repositories (0), unsafe repositories (0)
2024-08-12 12:25:00.020 [info] > git rev-parse --show-toplevel [2ms]
2024-08-12 12:25:00.020 [info] fatal: not a git repository (or any parent up to mount point /)
Stopping at filesystem boundary (GIT_DISCOVERY_ACROSS_FILESYSTEM not set).
2024-08-12 12:25:01.500 [info] > git rev-parse --show-toplevel [2ms]
2024-08-12 12:25:01.500 [info] fatal: not a git repository (or any parent up to mount point /)
Stopping at filesystem boundary (GIT_DISCOVERY_ACROSS_FILESYSTEM not set).
2024-08-12 12:25:02.948 [info] > git rev-parse --show-toplevel [3ms]
2024-08-12 12:25:02.948 [info] fatal: not a git repository (or any parent up to mount point /)
Stopping at filesystem boundary (GIT_DISCOVERY_ACROSS_FILESYSTEM not set).
2024-08-12 12:26:55.636 [info] > git rev-parse --show-toplevel [2ms]
2024-08-12 12:26:55.636 [info] fatal: not a git repository (or any parent up to mount point /)
Stopping at filesystem boundary (GIT_DISCOVERY_ACROSS_FILESYSTEM not set).
2024-08-12 12:28:23.753 [info] > git rev-parse --show-toplevel [3ms]
2024-08-12 12:28:23.753 [info] fatal: not a git repository (or any parent up to mount point /)
Stopping at filesystem boundary (GIT_DISCOVERY_ACROSS_FILESYSTEM not set).
2024-08-12 12:28:37.250 [info] > git rev-parse --show-toplevel [3ms]
2024-08-12 12:28:37.251 [info] fatal: not a git repository (or any parent up to mount point /)
Stopping at filesystem boundary (GIT_DISCOVERY_ACROSS_FILESYSTEM not set).
2024-08-12 12:28:43.068 [info] > git rev-parse --show-toplevel [4ms]
2024-08-12 12:28:43.068 [info] fatal: not a git repository (or any parent up to mount point /)
Stopping at filesystem boundary (GIT_DISCOVERY_ACROSS_FILESYSTEM not set).
2024-08-12 12:34:54.364 [info] > git rev-parse --show-toplevel [3ms]
2024-08-12 12:34:54.364 [info] fatal: not a git repository (or any parent up to mount point /)
Stopping at filesystem boundary (GIT_DISCOVERY_ACROSS_FILESYSTEM not set).
2024-08-12 12:39:42.434 [info] > git rev-parse --show-toplevel [3ms]
2024-08-12 12:39:42.434 [info] fatal: not a git repository (or any parent up to mount point /)
Stopping at filesystem boundary (GIT_DISCOVERY_ACROSS_FILESYSTEM not set).
2024-08-12 12:39:53.425 [info] > git rev-parse --show-toplevel [3ms]
2024-08-12 12:39:53.425 [info] fatal: not a git repository (or any parent up to mount point /)
Stopping at filesystem boundary (GIT_DISCOVERY_ACROSS_FILESYSTEM not set).
