2024-09-02 13:10:15.952 [info] Extension host with pid 51681 started
2024-09-02 13:10:15.952 [info] Skipping acquiring lock for /home/lidwan/.config/Code - OSS/User/workspaceStorage/3a3da521fd4f4ccdb75bc39a0675ef27.
2024-09-02 13:10:16.236 [info] ExtensionService#_doActivateExtension vscode.git-base, startup: true, activationEvent: '*', root cause: vscode.git
2024-09-02 13:10:16.322 [info] ExtensionService#_doActivateExtension vscode.git, startup: true, activationEvent: '*'
2024-09-02 13:10:16.381 [info] ExtensionService#_doActivateExtension vscode.github, startup: true, activationEvent: '*'
2024-09-02 13:10:16.548 [info] Eager extensions activated
2024-09-02 13:10:16.646 [info] ExtensionService#_doActivateExtension vscode.debug-auto-launch, startup: false, activationEvent: 'onStartupFinished'
2024-09-02 13:10:16.651 [info] ExtensionService#_doActivateExtension vscode.merge-conflict, startup: false, activationEvent: 'onStartupFinished'
2024-09-02 13:10:16.666 [info] ExtensionService#_doActivateExtension ritwickdey.LiveServer, startup: false, activationEvent: 'onStartupFinished'
2024-09-02 13:10:51.641 [info] ExtensionService#_doActivateExtension vscode.html-language-features, startup: false, activationEvent: 'onLanguage:html'
2024-09-02 13:10:51.691 [info] ExtensionService#_doActivateExtension vscode.emmet, startup: false, activationEvent: 'onLanguage'
2024-09-02 13:11:30.159 [info] ExtensionService#_doActivateExtension vscodevim.vim, startup: false, activationEvent: 'onStartupFinished'
2024-09-02 13:11:31.307 [error] Error: ENOENT: no such file or directory, open '/home/lidwan/.config/Code - OSS/User/globalStorage/vscodevim.vim/.registers'
2024-09-02 13:15:40.174 [info] Extension host terminating: renderer closed the MessagePort
2024-09-02 13:15:40.202 [error] Error: ENOENT: no such file or directory, open '/home/lidwan/.config/Code - OSS/User/globalStorage/vscodevim.vim/.registers'
2024-09-02 13:15:40.205 [info] Extension host with pid 51681 exiting with code 0
2024-09-02 13:15:40.900 [info] Extension host with pid 52169 started
2024-09-02 13:15:40.900 [info] Skipping acquiring lock for /home/lidwan/.config/Code - OSS/User/workspaceStorage/3a3da521fd4f4ccdb75bc39a0675ef27.
2024-09-02 13:15:40.912 [info] ExtensionService#_doActivateExtension vscode.html-language-features, startup: false, activationEvent: 'onLanguage:html'
2024-09-02 13:15:40.946 [info] ExtensionService#_doActivateExtension vscode.emmet, startup: false, activationEvent: 'onLanguage'
2024-09-02 13:15:40.954 [info] ExtensionService#_doActivateExtension ritwickdey.LiveServer, startup: false, activationEvent: 'onCommand:extension.liveServer.goOnline'
2024-09-02 13:15:41.788 [info] ExtensionService#_doActivateExtension vscode.git-base, startup: true, activationEvent: '*', root cause: vscode.git
2024-09-02 13:15:41.800 [info] ExtensionService#_doActivateExtension vscode.git, startup: true, activationEvent: '*'
2024-09-02 13:15:41.837 [info] ExtensionService#_doActivateExtension vscode.github, startup: true, activationEvent: '*'
2024-09-02 13:15:41.895 [info] Eager extensions activated
2024-09-02 13:15:41.926 [info] ExtensionService#_doActivateExtension vscode.debug-auto-launch, startup: false, activationEvent: 'onStartupFinished'
2024-09-02 13:15:41.929 [info] ExtensionService#_doActivateExtension vscode.merge-conflict, startup: false, activationEvent: 'onStartupFinished'
2024-09-02 13:18:27.648 [info] Extension host terminating: renderer closed the MessagePort
2024-09-02 13:18:27.664 [info] Extension host with pid 52169 exiting with code 0
