2024-08-13 18:51:46.942 [info] [main] Log level: Info
2024-08-13 18:51:46.942 [info] [main] Validating found git in: "git"
2024-08-13 18:51:46.942 [info] [main] Using git "2.46.0" from "git"
2024-08-13 18:51:46.942 [info] [Model][doInitialScan] Initial repository scan started
2024-08-13 18:51:46.942 [info] > git rev-parse --show-toplevel [6ms]
2024-08-13 18:51:46.942 [info] fatal: not a git repository (or any parent up to mount point /)
Stopping at filesystem boundary (GIT_DISCOVERY_ACROSS_FILESYSTEM not set).
2024-08-13 18:51:46.942 [info] > git rev-parse --show-toplevel [7ms]
2024-08-13 18:51:46.942 [info] fatal: not a git repository (or any parent up to mount point /)
Stopping at filesystem boundary (GIT_DISCOVERY_ACROSS_FILESYSTEM not set).
2024-08-13 18:51:46.943 [info] > git rev-parse --show-toplevel [3ms]
2024-08-13 18:51:46.943 [info] fatal: not a git repository (or any parent up to mount point /)
Stopping at filesystem boundary (GIT_DISCOVERY_ACROSS_FILESYSTEM not set).
2024-08-13 18:51:46.957 [info] > git rev-parse --show-toplevel [2ms]
2024-08-13 18:51:46.957 [info] fatal: not a git repository (or any parent up to mount point /)
Stopping at filesystem boundary (GIT_DISCOVERY_ACROSS_FILESYSTEM not set).
2024-08-13 18:51:46.968 [info] > git rev-parse --show-toplevel [2ms]
2024-08-13 18:51:46.968 [info] fatal: not a git repository (or any parent up to mount point /)
Stopping at filesystem boundary (GIT_DISCOVERY_ACROSS_FILESYSTEM not set).
2024-08-13 18:51:46.969 [info] [Model][doInitialScan] Initial repository scan completed - repositories (0), closed repositories (0), parent repositories (0), unsafe repositories (0)
2024-08-13 18:51:47.123 [info] > git rev-parse --show-toplevel [3ms]
2024-08-13 18:51:47.124 [info] fatal: not a git repository (or any parent up to mount point /)
Stopping at filesystem boundary (GIT_DISCOVERY_ACROSS_FILESYSTEM not set).
2024-08-13 18:51:47.710 [info] > git rev-parse --show-toplevel [3ms]
2024-08-13 18:51:47.710 [info] fatal: not a git repository (or any parent up to mount point /)
Stopping at filesystem boundary (GIT_DISCOVERY_ACROSS_FILESYSTEM not set).
