2024-08-13 18:52:39.829 [info] [main] Log level: Info
2024-08-13 18:52:39.829 [info] [main] Validating found git in: "git"
2024-08-13 18:52:39.829 [info] [main] Using git "2.46.0" from "git"
2024-08-13 18:52:39.829 [info] [Model][doInitialScan] Initial repository scan started
2024-08-13 18:52:39.829 [info] > git rev-parse --show-toplevel [6ms]
2024-08-13 18:52:39.829 [info] fatal: not a git repository (or any parent up to mount point /)
Stopping at filesystem boundary (GIT_DISCOVERY_ACROSS_FILESYSTEM not set).
2024-08-13 18:52:39.829 [info] > git rev-parse --show-toplevel [4ms]
2024-08-13 18:52:39.829 [info] fatal: not a git repository (or any parent up to mount point /)
Stopping at filesystem boundary (GIT_DISCOVERY_ACROSS_FILESYSTEM not set).
2024-08-13 18:52:39.829 [info] [Model][doInitialScan] Initial repository scan completed - repositories (0), closed repositories (0), parent repositories (0), unsafe repositories (0)
2024-08-13 18:52:39.831 [info] > git rev-parse --show-toplevel [34ms]
2024-08-13 18:52:39.831 [info] fatal: not a git repository (or any parent up to mount point /)
Stopping at filesystem boundary (GIT_DISCOVERY_ACROSS_FILESYSTEM not set).
2024-08-13 18:52:40.309 [info] > git rev-parse --show-toplevel [2ms]
2024-08-13 18:52:40.309 [info] fatal: not a git repository (or any parent up to mount point /)
Stopping at filesystem boundary (GIT_DISCOVERY_ACROSS_FILESYSTEM not set).
2024-08-13 18:52:42.825 [info] > git rev-parse --show-toplevel [4ms]
2024-08-13 18:52:42.825 [info] fatal: not a git repository (or any parent up to mount point /)
Stopping at filesystem boundary (GIT_DISCOVERY_ACROSS_FILESYSTEM not set).
2024-08-13 18:52:49.854 [info] > git rev-parse --show-toplevel [5ms]
2024-08-13 18:52:49.854 [info] fatal: not a git repository (or any parent up to mount point /)
Stopping at filesystem boundary (GIT_DISCOVERY_ACROSS_FILESYSTEM not set).
2024-08-13 18:53:12.358 [info] > git rev-parse --show-toplevel [3ms]
2024-08-13 18:53:12.358 [info] fatal: not a git repository (or any parent up to mount point /)
Stopping at filesystem boundary (GIT_DISCOVERY_ACROSS_FILESYSTEM not set).
2024-08-13 18:54:02.238 [info] > git rev-parse --show-toplevel [3ms]
2024-08-13 18:54:02.238 [info] fatal: not a git repository (or any parent up to mount point /)
Stopping at filesystem boundary (GIT_DISCOVERY_ACROSS_FILESYSTEM not set).
2024-08-13 18:54:03.429 [info] > git rev-parse --show-toplevel [5ms]
2024-08-13 18:54:03.429 [info] fatal: not a git repository (or any parent up to mount point /)
Stopping at filesystem boundary (GIT_DISCOVERY_ACROSS_FILESYSTEM not set).
2024-08-13 18:55:46.217 [info] > git rev-parse --show-toplevel [3ms]
2024-08-13 18:55:46.217 [info] fatal: not a git repository (or any parent up to mount point /)
Stopping at filesystem boundary (GIT_DISCOVERY_ACROSS_FILESYSTEM not set).
2024-08-13 18:57:44.006 [info] > git rev-parse --show-toplevel [4ms]
2024-08-13 18:57:44.006 [info] fatal: not a git repository (or any parent up to mount point /)
Stopping at filesystem boundary (GIT_DISCOVERY_ACROSS_FILESYSTEM not set).
2024-08-13 18:58:07.849 [info] > git rev-parse --show-toplevel [3ms]
2024-08-13 18:58:07.849 [info] fatal: not a git repository (or any parent up to mount point /)
Stopping at filesystem boundary (GIT_DISCOVERY_ACROSS_FILESYSTEM not set).
2024-08-13 19:01:04.268 [info] > git rev-parse --show-toplevel [3ms]
2024-08-13 19:01:04.268 [info] fatal: not a git repository (or any parent up to mount point /)
Stopping at filesystem boundary (GIT_DISCOVERY_ACROSS_FILESYSTEM not set).
2024-08-13 19:01:23.669 [info] > git rev-parse --show-toplevel [3ms]
2024-08-13 19:01:23.669 [info] fatal: not a git repository (or any parent up to mount point /)
Stopping at filesystem boundary (GIT_DISCOVERY_ACROSS_FILESYSTEM not set).
2024-08-13 19:01:24.695 [info] > git rev-parse --show-toplevel [4ms]
2024-08-13 19:01:24.695 [info] fatal: not a git repository (or any parent up to mount point /)
Stopping at filesystem boundary (GIT_DISCOVERY_ACROSS_FILESYSTEM not set).
2024-08-13 19:02:19.020 [info] > git rev-parse --show-toplevel [4ms]
2024-08-13 19:02:19.020 [info] fatal: not a git repository (or any parent up to mount point /)
Stopping at filesystem boundary (GIT_DISCOVERY_ACROSS_FILESYSTEM not set).
2024-08-13 19:02:19.665 [info] > git rev-parse --show-toplevel [4ms]
2024-08-13 19:02:19.666 [info] fatal: not a git repository (or any parent up to mount point /)
Stopping at filesystem boundary (GIT_DISCOVERY_ACROSS_FILESYSTEM not set).
2024-08-13 19:02:45.786 [info] > git rev-parse --show-toplevel [3ms]
2024-08-13 19:02:45.786 [info] fatal: not a git repository (or any parent up to mount point /)
Stopping at filesystem boundary (GIT_DISCOVERY_ACROSS_FILESYSTEM not set).
2024-08-13 19:03:10.997 [info] > git rev-parse --show-toplevel [3ms]
2024-08-13 19:03:10.997 [info] fatal: not a git repository (or any parent up to mount point /)
Stopping at filesystem boundary (GIT_DISCOVERY_ACROSS_FILESYSTEM not set).
2024-08-13 19:03:41.647 [info] > git rev-parse --show-toplevel [3ms]
2024-08-13 19:03:41.647 [info] fatal: not a git repository (or any parent up to mount point /)
Stopping at filesystem boundary (GIT_DISCOVERY_ACROSS_FILESYSTEM not set).
2024-08-13 19:08:18.835 [info] > git rev-parse --show-toplevel [4ms]
2024-08-13 19:08:18.835 [info] fatal: not a git repository (or any parent up to mount point /)
Stopping at filesystem boundary (GIT_DISCOVERY_ACROSS_FILESYSTEM not set).
2024-08-13 19:08:31.646 [info] > git rev-parse --show-toplevel [4ms]
2024-08-13 19:08:31.647 [info] fatal: not a git repository (or any parent up to mount point /)
Stopping at filesystem boundary (GIT_DISCOVERY_ACROSS_FILESYSTEM not set).
2024-08-13 19:09:31.729 [info] > git rev-parse --show-toplevel [4ms]
2024-08-13 19:09:31.729 [info] fatal: not a git repository (or any parent up to mount point /)
Stopping at filesystem boundary (GIT_DISCOVERY_ACROSS_FILESYSTEM not set).
2024-08-13 19:09:47.082 [info] > git rev-parse --show-toplevel [5ms]
2024-08-13 19:09:47.082 [info] fatal: not a git repository (or any parent up to mount point /)
Stopping at filesystem boundary (GIT_DISCOVERY_ACROSS_FILESYSTEM not set).
2024-08-13 19:11:26.125 [info] > git rev-parse --show-toplevel [5ms]
2024-08-13 19:11:26.125 [info] fatal: not a git repository (or any parent up to mount point /)
Stopping at filesystem boundary (GIT_DISCOVERY_ACROSS_FILESYSTEM not set).
2024-08-13 19:23:26.696 [info] > git rev-parse --show-toplevel [3ms]
2024-08-13 19:23:26.696 [info] fatal: not a git repository (or any parent up to mount point /)
Stopping at filesystem boundary (GIT_DISCOVERY_ACROSS_FILESYSTEM not set).
2024-08-13 19:24:32.985 [info] > git rev-parse --show-toplevel [5ms]
2024-08-13 19:24:32.985 [info] fatal: not a git repository (or any parent up to mount point /)
Stopping at filesystem boundary (GIT_DISCOVERY_ACROSS_FILESYSTEM not set).
2024-08-13 19:38:58.537 [info] > git rev-parse --show-toplevel [4ms]
2024-08-13 19:38:58.537 [info] fatal: not a git repository (or any parent up to mount point /)
Stopping at filesystem boundary (GIT_DISCOVERY_ACROSS_FILESYSTEM not set).
2024-08-13 19:43:40.292 [info] > git rev-parse --show-toplevel [4ms]
2024-08-13 19:43:40.292 [info] fatal: not a git repository (or any parent up to mount point /)
Stopping at filesystem boundary (GIT_DISCOVERY_ACROSS_FILESYSTEM not set).
2024-08-13 19:54:25.858 [info] > git rev-parse --show-toplevel [3ms]
2024-08-13 19:54:25.858 [info] fatal: not a git repository (or any parent up to mount point /)
Stopping at filesystem boundary (GIT_DISCOVERY_ACROSS_FILESYSTEM not set).
2024-08-13 19:55:01.022 [info] > git rev-parse --show-toplevel [4ms]
2024-08-13 19:55:01.022 [info] fatal: not a git repository (or any parent up to mount point /)
Stopping at filesystem boundary (GIT_DISCOVERY_ACROSS_FILESYSTEM not set).
2024-08-13 19:59:13.566 [info] > git rev-parse --show-toplevel [4ms]
2024-08-13 19:59:13.566 [info] fatal: not a git repository (or any parent up to mount point /)
Stopping at filesystem boundary (GIT_DISCOVERY_ACROSS_FILESYSTEM not set).
2024-08-13 20:00:25.007 [info] > git rev-parse --show-toplevel [3ms]
2024-08-13 20:00:25.007 [info] fatal: not a git repository (or any parent up to mount point /)
Stopping at filesystem boundary (GIT_DISCOVERY_ACROSS_FILESYSTEM not set).
2024-08-13 20:03:19.841 [info] > git rev-parse --show-toplevel [3ms]
2024-08-13 20:03:19.841 [info] fatal: not a git repository (or any parent up to mount point /)
Stopping at filesystem boundary (GIT_DISCOVERY_ACROSS_FILESYSTEM not set).
2024-08-13 20:07:30.837 [info] > git rev-parse --show-toplevel [4ms]
2024-08-13 20:07:30.837 [info] fatal: not a git repository (or any parent up to mount point /)
Stopping at filesystem boundary (GIT_DISCOVERY_ACROSS_FILESYSTEM not set).
2024-08-13 20:08:57.525 [info] > git rev-parse --show-toplevel [3ms]
2024-08-13 20:08:57.525 [info] fatal: not a git repository (or any parent up to mount point /)
Stopping at filesystem boundary (GIT_DISCOVERY_ACROSS_FILESYSTEM not set).
2024-08-13 20:09:52.778 [info] > git rev-parse --show-toplevel [4ms]
2024-08-13 20:09:52.778 [info] fatal: not a git repository (or any parent up to mount point /)
Stopping at filesystem boundary (GIT_DISCOVERY_ACROSS_FILESYSTEM not set).
2024-08-13 20:34:40.231 [info] > git rev-parse --show-toplevel [3ms]
2024-08-13 20:34:40.231 [info] fatal: not a git repository (or any parent up to mount point /)
Stopping at filesystem boundary (GIT_DISCOVERY_ACROSS_FILESYSTEM not set).
2024-08-13 20:42:56.293 [info] > git rev-parse --show-toplevel [2ms]
2024-08-13 20:42:56.293 [info] fatal: not a git repository (or any parent up to mount point /)
Stopping at filesystem boundary (GIT_DISCOVERY_ACROSS_FILESYSTEM not set).
2024-08-13 20:43:38.596 [info] > git rev-parse --show-toplevel [3ms]
2024-08-13 20:43:38.596 [info] fatal: not a git repository (or any parent up to mount point /)
Stopping at filesystem boundary (GIT_DISCOVERY_ACROSS_FILESYSTEM not set).
2024-08-13 20:44:40.401 [info] > git rev-parse --show-toplevel [3ms]
2024-08-13 20:44:40.401 [info] fatal: not a git repository (or any parent up to mount point /)
Stopping at filesystem boundary (GIT_DISCOVERY_ACROSS_FILESYSTEM not set).
2024-08-13 20:47:03.351 [info] > git rev-parse --show-toplevel [3ms]
2024-08-13 20:47:03.351 [info] fatal: not a git repository (or any parent up to mount point /)
Stopping at filesystem boundary (GIT_DISCOVERY_ACROSS_FILESYSTEM not set).
2024-08-13 20:47:04.793 [info] > git rev-parse --show-toplevel [3ms]
2024-08-13 20:47:04.793 [info] fatal: not a git repository (or any parent up to mount point /)
Stopping at filesystem boundary (GIT_DISCOVERY_ACROSS_FILESYSTEM not set).
2024-08-13 20:47:23.456 [info] > git rev-parse --show-toplevel [3ms]
2024-08-13 20:47:23.456 [info] fatal: not a git repository (or any parent up to mount point /)
Stopping at filesystem boundary (GIT_DISCOVERY_ACROSS_FILESYSTEM not set).
2024-08-13 20:47:26.325 [info] > git rev-parse --show-toplevel [3ms]
2024-08-13 20:47:26.325 [info] fatal: not a git repository (or any parent up to mount point /)
Stopping at filesystem boundary (GIT_DISCOVERY_ACROSS_FILESYSTEM not set).
2024-08-13 20:48:23.170 [info] > git rev-parse --show-toplevel [4ms]
2024-08-13 20:48:23.170 [info] fatal: not a git repository (or any parent up to mount point /)
Stopping at filesystem boundary (GIT_DISCOVERY_ACROSS_FILESYSTEM not set).
2024-08-13 20:50:44.245 [info] > git rev-parse --show-toplevel [3ms]
2024-08-13 20:50:44.245 [info] fatal: not a git repository (or any parent up to mount point /)
Stopping at filesystem boundary (GIT_DISCOVERY_ACROSS_FILESYSTEM not set).
2024-08-13 20:58:32.266 [info] > git rev-parse --show-toplevel [5ms]
2024-08-13 20:58:32.266 [info] fatal: not a git repository (or any parent up to mount point /)
Stopping at filesystem boundary (GIT_DISCOVERY_ACROSS_FILESYSTEM not set).
2024-08-13 21:00:58.897 [info] > git rev-parse --show-toplevel [3ms]
2024-08-13 21:00:58.897 [info] fatal: not a git repository (or any parent up to mount point /)
Stopping at filesystem boundary (GIT_DISCOVERY_ACROSS_FILESYSTEM not set).
