2024-08-12 15:00:59.246 [info] [main] Log level: Info
2024-08-12 15:00:59.246 [info] [main] Validating found git in: "git"
2024-08-12 15:00:59.246 [info] [main] Using git "2.46.0" from "git"
2024-08-12 15:00:59.246 [info] [Model][doInitialScan] Initial repository scan started
2024-08-12 15:00:59.246 [info] > git rev-parse --show-toplevel [19ms]
2024-08-12 15:00:59.246 [info] fatal: not a git repository (or any of the parent directories): .git
2024-08-12 15:00:59.257 [info] > git rev-parse --show-toplevel [2ms]
2024-08-12 15:00:59.257 [info] fatal: not a git repository (or any of the parent directories): .git
2024-08-12 15:00:59.267 [info] > git rev-parse --show-toplevel [2ms]
2024-08-12 15:00:59.267 [info] fatal: not a git repository (or any of the parent directories): .git
2024-08-12 15:00:59.277 [info] > git rev-parse --show-toplevel [2ms]
2024-08-12 15:00:59.277 [info] fatal: not a git repository (or any of the parent directories): .git
2024-08-12 15:00:59.291 [info] > git rev-parse --show-toplevel [4ms]
2024-08-12 15:00:59.291 [info] fatal: not a git repository (or any of the parent directories): .git
2024-08-12 15:00:59.303 [info] > git rev-parse --show-toplevel [2ms]
2024-08-12 15:00:59.303 [info] fatal: not a git repository (or any of the parent directories): .git
2024-08-12 15:00:59.314 [info] > git rev-parse --show-toplevel [3ms]
2024-08-12 15:00:59.314 [info] fatal: not a git repository (or any of the parent directories): .git
2024-08-12 15:00:59.314 [info] [Model][doInitialScan] Initial repository scan completed - repositories (0), closed repositories (0), parent repositories (0), unsafe repositories (0)
2024-08-12 15:01:00.357 [info] > git rev-parse --show-toplevel [4ms]
2024-08-12 15:01:00.357 [info] fatal: not a git repository (or any of the parent directories): .git
