2024-08-14 19:18:49.635 [info] [main] Log level: Info
2024-08-14 19:18:49.636 [info] [main] Validating found git in: "git"
2024-08-14 19:18:49.636 [info] [main] Using git "2.46.0" from "git"
2024-08-14 19:18:49.636 [info] [Model][doInitialScan] Initial repository scan started
2024-08-14 19:18:49.636 [info] > git rev-parse --show-toplevel [5ms]
2024-08-14 19:18:49.636 [info] fatal: not a git repository (or any parent up to mount point /)
Stopping at filesystem boundary (GIT_DISCOVERY_ACROSS_FILESYSTEM not set).
2024-08-14 19:18:49.636 [info] > git rev-parse --show-toplevel [4ms]
2024-08-14 19:18:49.636 [info] fatal: not a git repository (or any parent up to mount point /)
Stopping at filesystem boundary (GIT_DISCOVERY_ACROSS_FILESYSTEM not set).
2024-08-14 19:18:49.636 [info] [Model][doInitialScan] Initial repository scan completed - repositories (0), closed repositories (0), parent repositories (0), unsafe repositories (0)
2024-08-14 19:18:50.496 [info] > git rev-parse --show-toplevel [2ms]
2024-08-14 19:18:50.496 [info] fatal: not a git repository (or any parent up to mount point /)
Stopping at filesystem boundary (GIT_DISCOVERY_ACROSS_FILESYSTEM not set).
2024-08-14 19:21:15.448 [info] > git rev-parse --show-toplevel [4ms]
2024-08-14 19:21:15.448 [info] fatal: not a git repository (or any parent up to mount point /)
Stopping at filesystem boundary (GIT_DISCOVERY_ACROSS_FILESYSTEM not set).
2024-08-14 19:21:17.363 [info] > git rev-parse --show-toplevel [3ms]
2024-08-14 19:21:17.363 [info] fatal: not a git repository (or any parent up to mount point /)
Stopping at filesystem boundary (GIT_DISCOVERY_ACROSS_FILESYSTEM not set).
2024-08-14 19:57:52.923 [info] > git rev-parse --show-toplevel [4ms]
2024-08-14 19:57:52.957 [info] fatal: not a git repository (or any parent up to mount point /)
Stopping at filesystem boundary (GIT_DISCOVERY_ACROSS_FILESYSTEM not set).
2024-08-14 19:57:56.345 [info] > git rev-parse --show-toplevel [4ms]
2024-08-14 19:57:56.345 [info] fatal: not a git repository (or any parent up to mount point /)
Stopping at filesystem boundary (GIT_DISCOVERY_ACROSS_FILESYSTEM not set).
