2024-08-12 12:22:46.671 [info] [main] Log level: Info
2024-08-12 12:22:46.671 [info] [main] Validating found git in: "git"
2024-08-12 12:22:46.671 [info] [main] Using git "2.46.0" from "git"
2024-08-12 12:22:46.671 [info] [Model][doInitialScan] Initial repository scan started
2024-08-12 12:22:46.671 [info] > git rev-parse --show-toplevel [6ms]
2024-08-12 12:22:46.671 [info] fatal: not a git repository (or any parent up to mount point /)
Stopping at filesystem boundary (GIT_DISCOVERY_ACROSS_FILESYSTEM not set).
2024-08-12 12:22:46.671 [info] > git rev-parse --show-toplevel [4ms]
2024-08-12 12:22:46.671 [info] fatal: not a git repository (or any parent up to mount point /)
Stopping at filesystem boundary (GIT_DISCOVERY_ACROSS_FILESYSTEM not set).
2024-08-12 12:22:46.671 [info] > git rev-parse --show-toplevel [9ms]
2024-08-12 12:22:46.671 [info] fatal: not a git repository (or any parent up to mount point /)
Stopping at filesystem boundary (GIT_DISCOVERY_ACROSS_FILESYSTEM not set).
2024-08-12 12:22:46.671 [info] [Model][doInitialScan] Initial repository scan completed - repositories (0), closed repositories (0), parent repositories (0), unsafe repositories (0)
2024-08-12 12:22:46.692 [info] > git rev-parse --show-toplevel [13ms]
2024-08-12 12:22:46.692 [info] fatal: not a git repository (or any parent up to mount point /)
Stopping at filesystem boundary (GIT_DISCOVERY_ACROSS_FILESYSTEM not set).
2024-08-12 12:22:46.702 [info] > git rev-parse --show-toplevel [2ms]
2024-08-12 12:22:46.702 [info] fatal: not a git repository (or any parent up to mount point /)
Stopping at filesystem boundary (GIT_DISCOVERY_ACROSS_FILESYSTEM not set).
2024-08-12 12:22:46.820 [info] > git rev-parse --show-toplevel [1ms]
2024-08-12 12:22:46.820 [info] fatal: not a git repository (or any parent up to mount point /)
Stopping at filesystem boundary (GIT_DISCOVERY_ACROSS_FILESYSTEM not set).
2024-08-12 12:22:47.821 [info] > git rev-parse --show-toplevel [3ms]
2024-08-12 12:22:47.822 [info] fatal: not a git repository (or any parent up to mount point /)
Stopping at filesystem boundary (GIT_DISCOVERY_ACROSS_FILESYSTEM not set).
2024-08-12 12:22:48.133 [info] > git rev-parse --show-toplevel [2ms]
2024-08-12 12:22:48.133 [info] fatal: not a git repository (or any parent up to mount point /)
Stopping at filesystem boundary (GIT_DISCOVERY_ACROSS_FILESYSTEM not set).
2024-08-12 12:22:48.893 [info] > git rev-parse --show-toplevel [2ms]
2024-08-12 12:22:48.893 [info] fatal: not a git repository (or any parent up to mount point /)
Stopping at filesystem boundary (GIT_DISCOVERY_ACROSS_FILESYSTEM not set).
2024-08-12 12:22:55.198 [info] > git rev-parse --show-toplevel [1ms]
2024-08-12 12:22:55.198 [info] fatal: not a git repository (or any parent up to mount point /)
Stopping at filesystem boundary (GIT_DISCOVERY_ACROSS_FILESYSTEM not set).
2024-08-12 12:22:58.215 [info] > git rev-parse --show-toplevel [2ms]
2024-08-12 12:22:58.215 [info] fatal: not a git repository (or any parent up to mount point /)
Stopping at filesystem boundary (GIT_DISCOVERY_ACROSS_FILESYSTEM not set).
2024-08-12 12:22:59.045 [info] > git rev-parse --show-toplevel [2ms]
2024-08-12 12:22:59.045 [info] fatal: not a git repository (or any parent up to mount point /)
Stopping at filesystem boundary (GIT_DISCOVERY_ACROSS_FILESYSTEM not set).
2024-08-12 12:23:04.097 [info] > git rev-parse --show-toplevel [2ms]
2024-08-12 12:23:04.097 [info] fatal: not a git repository (or any parent up to mount point /)
Stopping at filesystem boundary (GIT_DISCOVERY_ACROSS_FILESYSTEM not set).
