2024-08-12 16:38:14.674 [info] [main] Log level: Info
2024-08-12 16:38:14.674 [info] [main] Validating found git in: "git"
2024-08-12 16:38:14.674 [info] [main] Using git "2.46.0" from "git"
2024-08-12 16:38:14.674 [info] [Model][doInitialScan] Initial repository scan started
2024-08-12 16:38:14.674 [info] > git rev-parse --show-toplevel [8ms]
2024-08-12 16:38:14.674 [info] fatal: not a git repository (or any parent up to mount point /)
Stopping at filesystem boundary (GIT_DISCOVERY_ACROSS_FILESYSTEM not set).
2024-08-12 16:38:14.674 [info] > git rev-parse --show-toplevel [3ms]
2024-08-12 16:38:14.674 [info] fatal: not a git repository (or any parent up to mount point /)
Stopping at filesystem boundary (GIT_DISCOVERY_ACROSS_FILESYSTEM not set).
2024-08-12 16:38:14.674 [info] > git rev-parse --show-toplevel [3ms]
2024-08-12 16:38:14.674 [info] fatal: not a git repository (or any parent up to mount point /)
Stopping at filesystem boundary (GIT_DISCOVERY_ACROSS_FILESYSTEM not set).
2024-08-12 16:38:14.676 [info] > git rev-parse --show-toplevel [4ms]
2024-08-12 16:38:14.676 [info] fatal: not a git repository (or any parent up to mount point /)
Stopping at filesystem boundary (GIT_DISCOVERY_ACROSS_FILESYSTEM not set).
2024-08-12 16:38:14.691 [info] > git rev-parse --show-toplevel [3ms]
2024-08-12 16:38:14.691 [info] fatal: not a git repository (or any parent up to mount point /)
Stopping at filesystem boundary (GIT_DISCOVERY_ACROSS_FILESYSTEM not set).
2024-08-12 16:38:14.691 [info] [Model][doInitialScan] Initial repository scan completed - repositories (0), closed repositories (0), parent repositories (0), unsafe repositories (0)
2024-08-12 16:38:14.836 [info] > git rev-parse --show-toplevel [4ms]
2024-08-12 16:38:14.836 [info] fatal: not a git repository (or any parent up to mount point /)
Stopping at filesystem boundary (GIT_DISCOVERY_ACROSS_FILESYSTEM not set).
2024-08-12 16:38:15.508 [info] > git rev-parse --show-toplevel [8ms]
2024-08-12 16:38:15.508 [info] fatal: not a git repository (or any parent up to mount point /)
Stopping at filesystem boundary (GIT_DISCOVERY_ACROSS_FILESYSTEM not set).
2024-08-12 16:38:17.026 [info] > git rev-parse --show-toplevel [3ms]
2024-08-12 16:38:17.026 [info] fatal: not a git repository (or any parent up to mount point /)
Stopping at filesystem boundary (GIT_DISCOVERY_ACROSS_FILESYSTEM not set).
2024-08-12 16:38:22.270 [info] > git rev-parse --show-toplevel [3ms]
2024-08-12 16:38:22.270 [info] fatal: not a git repository (or any parent up to mount point /)
Stopping at filesystem boundary (GIT_DISCOVERY_ACROSS_FILESYSTEM not set).
2024-08-12 16:38:47.978 [info] > git rev-parse --show-toplevel [3ms]
2024-08-12 16:38:47.978 [info] fatal: not a git repository (or any parent up to mount point /)
Stopping at filesystem boundary (GIT_DISCOVERY_ACROSS_FILESYSTEM not set).
