2024-08-12 14:45:16.611 [info] [main] Log level: Info
2024-08-12 14:45:16.611 [info] [main] Validating found git in: "git"
2024-08-12 14:45:16.611 [info] [main] Using git "2.46.0" from "git"
2024-08-12 14:45:16.611 [info] [Model][doInitialScan] Initial repository scan started
2024-08-12 14:45:16.611 [info] > git rev-parse --show-toplevel [4ms]
2024-08-12 14:45:16.611 [info] fatal: not a git repository (or any parent up to mount point /)
Stopping at filesystem boundary (GIT_DISCOVERY_ACROSS_FILESYSTEM not set).
2024-08-12 14:45:16.611 [info] > git rev-parse --show-toplevel [5ms]
2024-08-12 14:45:16.611 [info] fatal: not a git repository (or any parent up to mount point /)
Stopping at filesystem boundary (GIT_DISCOVERY_ACROSS_FILESYSTEM not set).
2024-08-12 14:45:16.618 [info] > git rev-parse --show-toplevel [8ms]
2024-08-12 14:45:16.618 [info] fatal: not a git repository (or any parent up to mount point /)
Stopping at filesystem boundary (GIT_DISCOVERY_ACROSS_FILESYSTEM not set).
2024-08-12 14:45:16.635 [info] > git rev-parse --show-toplevel [3ms]
2024-08-12 14:45:16.636 [info] fatal: not a git repository (or any parent up to mount point /)
Stopping at filesystem boundary (GIT_DISCOVERY_ACROSS_FILESYSTEM not set).
2024-08-12 14:45:16.653 [info] > git rev-parse --show-toplevel [3ms]
2024-08-12 14:45:16.653 [info] fatal: not a git repository (or any parent up to mount point /)
Stopping at filesystem boundary (GIT_DISCOVERY_ACROSS_FILESYSTEM not set).
2024-08-12 14:45:16.654 [info] [Model][doInitialScan] Initial repository scan completed - repositories (0), closed repositories (0), parent repositories (0), unsafe repositories (0)
2024-08-12 14:45:16.815 [info] > git rev-parse --show-toplevel [2ms]
2024-08-12 14:45:16.815 [info] fatal: not a git repository (or any parent up to mount point /)
Stopping at filesystem boundary (GIT_DISCOVERY_ACROSS_FILESYSTEM not set).
2024-08-12 14:45:17.340 [info] > git rev-parse --show-toplevel [3ms]
2024-08-12 14:45:17.340 [info] fatal: not a git repository (or any parent up to mount point /)
Stopping at filesystem boundary (GIT_DISCOVERY_ACROSS_FILESYSTEM not set).
2024-08-12 14:45:17.491 [info] > git rev-parse --show-toplevel [3ms]
2024-08-12 14:45:17.491 [info] fatal: not a git repository (or any parent up to mount point /)
Stopping at filesystem boundary (GIT_DISCOVERY_ACROSS_FILESYSTEM not set).
2024-08-12 14:47:13.882 [info] > git rev-parse --show-toplevel [2ms]
2024-08-12 14:47:13.882 [info] fatal: not a git repository (or any parent up to mount point /)
Stopping at filesystem boundary (GIT_DISCOVERY_ACROSS_FILESYSTEM not set).
2024-08-12 14:49:47.886 [info] > git rev-parse --show-toplevel [4ms]
2024-08-12 14:49:47.886 [info] fatal: not a git repository (or any parent up to mount point /)
Stopping at filesystem boundary (GIT_DISCOVERY_ACROSS_FILESYSTEM not set).
2024-08-12 14:49:48.714 [info] > git rev-parse --show-toplevel [3ms]
2024-08-12 14:49:48.715 [info] fatal: not a git repository (or any parent up to mount point /)
Stopping at filesystem boundary (GIT_DISCOVERY_ACROSS_FILESYSTEM not set).
2024-08-12 14:49:50.185 [info] > git rev-parse --show-toplevel [3ms]
2024-08-12 14:49:50.185 [info] fatal: not a git repository (or any parent up to mount point /)
Stopping at filesystem boundary (GIT_DISCOVERY_ACROSS_FILESYSTEM not set).
2024-08-12 15:02:33.854 [info] > git rev-parse --show-toplevel [3ms]
2024-08-12 15:02:33.854 [info] fatal: not a git repository (or any parent up to mount point /)
Stopping at filesystem boundary (GIT_DISCOVERY_ACROSS_FILESYSTEM not set).
