2024-08-13 19:30:24.305 [info] [main] Log level: Info
2024-08-13 19:30:24.305 [info] [main] Validating found git in: "git"
2024-08-13 19:30:24.305 [info] [main] Using git "2.46.0" from "git"
2024-08-13 19:30:24.305 [info] [Model][doInitialScan] Initial repository scan started
2024-08-13 19:30:24.305 [info] > git rev-parse --show-toplevel [7ms]
2024-08-13 19:30:24.305 [info] fatal: not a git repository (or any parent up to mount point /)
Stopping at filesystem boundary (GIT_DISCOVERY_ACROSS_FILESYSTEM not set).
2024-08-13 19:30:24.307 [info] > git rev-parse --show-toplevel [3ms]
2024-08-13 19:30:24.307 [info] fatal: not a git repository (or any parent up to mount point /)
Stopping at filesystem boundary (GIT_DISCOVERY_ACROSS_FILESYSTEM not set).
2024-08-13 19:30:24.321 [info] > git rev-parse --show-toplevel [5ms]
2024-08-13 19:30:24.321 [info] fatal: not a git repository (or any parent up to mount point /)
Stopping at filesystem boundary (GIT_DISCOVERY_ACROSS_FILESYSTEM not set).
2024-08-13 19:30:24.336 [info] > git rev-parse --show-toplevel [5ms]
2024-08-13 19:30:24.336 [info] fatal: not a git repository (or any parent up to mount point /)
Stopping at filesystem boundary (GIT_DISCOVERY_ACROSS_FILESYSTEM not set).
2024-08-13 19:30:24.337 [info] [Model][doInitialScan] Initial repository scan completed - repositories (0), closed repositories (0), parent repositories (0), unsafe repositories (0)
2024-08-13 19:30:24.441 [info] > git rev-parse --show-toplevel [2ms]
2024-08-13 19:30:24.441 [info] fatal: not a git repository (or any parent up to mount point /)
Stopping at filesystem boundary (GIT_DISCOVERY_ACROSS_FILESYSTEM not set).
2024-08-13 19:30:25.452 [info] > git rev-parse --show-toplevel [4ms]
2024-08-13 19:30:25.452 [info] fatal: not a git repository (or any parent up to mount point /)
Stopping at filesystem boundary (GIT_DISCOVERY_ACROSS_FILESYSTEM not set).
2024-08-13 19:30:28.215 [info] > git rev-parse --show-toplevel [4ms]
2024-08-13 19:30:28.216 [info] fatal: not a git repository (or any parent up to mount point /)
Stopping at filesystem boundary (GIT_DISCOVERY_ACROSS_FILESYSTEM not set).
