2024-08-13 14:49:43.180 [info] [main] Log level: Info
2024-08-13 14:49:43.180 [info] [main] Validating found git in: "git"
2024-08-13 14:49:43.210 [info] [main] Using git "2.46.0" from "git"
2024-08-13 14:49:43.210 [info] [Model][doInitialScan] Initial repository scan started
2024-08-13 14:49:43.230 [info] > git rev-parse --show-toplevel [7ms]
2024-08-13 14:49:43.230 [info] fatal: not a git repository (or any parent up to mount point /)
Stopping at filesystem boundary (GIT_DISCOVERY_ACROSS_FILESYSTEM not set).
2024-08-13 14:49:43.247 [info] > git rev-parse --show-toplevel [5ms]
2024-08-13 14:49:43.247 [info] fatal: not a git repository (or any parent up to mount point /)
Stopping at filesystem boundary (GIT_DISCOVERY_ACROSS_FILESYSTEM not set).
2024-08-13 14:49:43.288 [info] > git rev-parse --show-toplevel [8ms]
2024-08-13 14:49:43.288 [info] fatal: not a git repository (or any parent up to mount point /)
Stopping at filesystem boundary (GIT_DISCOVERY_ACROSS_FILESYSTEM not set).
2024-08-13 14:49:43.297 [info] > git rev-parse --show-toplevel [2ms]
2024-08-13 14:49:43.298 [info] fatal: not a git repository (or any parent up to mount point /)
Stopping at filesystem boundary (GIT_DISCOVERY_ACROSS_FILESYSTEM not set).
2024-08-13 14:49:43.311 [info] > git rev-parse --show-toplevel [7ms]
2024-08-13 14:49:43.311 [info] fatal: not a git repository (or any parent up to mount point /)
Stopping at filesystem boundary (GIT_DISCOVERY_ACROSS_FILESYSTEM not set).
2024-08-13 14:49:43.311 [info] [Model][doInitialScan] Initial repository scan completed - repositories (0), closed repositories (0), parent repositories (0), unsafe repositories (0)
2024-08-13 14:49:43.324 [info] > git rev-parse --show-toplevel [6ms]
2024-08-13 14:49:43.324 [info] fatal: not a git repository (or any parent up to mount point /)
Stopping at filesystem boundary (GIT_DISCOVERY_ACROSS_FILESYSTEM not set).
2024-08-13 14:49:43.391 [info] > git rev-parse --show-toplevel [2ms]
2024-08-13 14:49:43.391 [info] fatal: not a git repository (or any parent up to mount point /)
Stopping at filesystem boundary (GIT_DISCOVERY_ACROSS_FILESYSTEM not set).
2024-08-13 14:49:43.483 [info] > git rev-parse --show-toplevel [1ms]
2024-08-13 14:49:43.483 [info] fatal: not a git repository (or any parent up to mount point /)
Stopping at filesystem boundary (GIT_DISCOVERY_ACROSS_FILESYSTEM not set).
2024-08-13 14:49:44.564 [info] > git rev-parse --show-toplevel [1ms]
2024-08-13 14:49:44.564 [info] fatal: not a git repository (or any parent up to mount point /)
Stopping at filesystem boundary (GIT_DISCOVERY_ACROSS_FILESYSTEM not set).
