2024-08-12 12:24:26.085 [info] [main] Log level: Info
2024-08-12 12:24:26.085 [info] [main] Validating found git in: "git"
2024-08-12 12:24:26.085 [info] [main] Using git "2.46.0" from "git"
2024-08-12 12:24:26.085 [info] [Model][doInitialScan] Initial repository scan started
2024-08-12 12:24:26.085 [info] > git rev-parse --show-toplevel [9ms]
2024-08-12 12:24:26.085 [info] fatal: not a git repository (or any parent up to mount point /)
Stopping at filesystem boundary (GIT_DISCOVERY_ACROSS_FILESYSTEM not set).
2024-08-12 12:24:26.085 [info] > git rev-parse --show-toplevel [6ms]
2024-08-12 12:24:26.085 [info] fatal: not a git repository (or any parent up to mount point /)
Stopping at filesystem boundary (GIT_DISCOVERY_ACROSS_FILESYSTEM not set).
2024-08-12 12:24:26.085 [info] > git rev-parse --show-toplevel [3ms]
2024-08-12 12:24:26.085 [info] fatal: not a git repository (or any parent up to mount point /)
Stopping at filesystem boundary (GIT_DISCOVERY_ACROSS_FILESYSTEM not set).
2024-08-12 12:24:26.085 [info] [Model][doInitialScan] Initial repository scan completed - repositories (0), closed repositories (0), parent repositories (0), unsafe repositories (0)
2024-08-12 12:24:26.155 [info] > git rev-parse --show-toplevel [2ms]
2024-08-12 12:24:26.155 [info] fatal: not a git repository (or any parent up to mount point /)
Stopping at filesystem boundary (GIT_DISCOVERY_ACROSS_FILESYSTEM not set).
2024-08-12 12:24:26.976 [info] > git rev-parse --show-toplevel [7ms]
2024-08-12 12:24:26.976 [info] fatal: not a git repository (or any parent up to mount point /)
Stopping at filesystem boundary (GIT_DISCOVERY_ACROSS_FILESYSTEM not set).
